0 info it worked if it ends with ok
1 verbose cli [ '/usr/local/Cellar/node/5.4.0/bin/node',
1 verbose cli   '/usr/local/bin/npm',
1 verbose cli   'run',
1 verbose cli   'test' ]
2 info using npm@3.3.12
3 info using node@v5.4.0
4 verbose run-script [ 'pretest', 'test', 'posttest' ]
5 info lifecycle metanoia@1.0.0~pretest: metanoia@1.0.0
6 silly lifecycle metanoia@1.0.0~pretest: no script for pretest, continuing
7 info lifecycle metanoia@1.0.0~test: metanoia@1.0.0
8 verbose lifecycle metanoia@1.0.0~test: unsafe-perm in lifecycle true
9 verbose lifecycle metanoia@1.0.0~test: PATH: /usr/local/lib/node_modules/npm/bin/node-gyp-bin:/Users/chris/git/metanoia/node_modules/.bin:/Users/chris/.rvm/gems/ruby-2.2.0/bin:/Users/chris/.rvm/gems/ruby-2.2.0@global/bin:/Users/chris/.rvm/rubies/ruby-2.2.0/bin:/Users/chris/.rvm/bin:/usr/local/bin:/usr/local/sbin:/usr/bin:/bin:/usr/sbin:/sbin:/opt/X11/bin:/Users/chris/.rvm/gems/ruby-2.2.0/bin:/Users/chris/.rvm/gems/ruby-2.2.0@global/bin:/Users/chris/.rvm/rubies/ruby-2.2.0/bin:/Users/chris/.rvm/bin:/Users/chris/bin:/Applications/Postgres.app/Contents/Versions/9.4/bin:/Users/chris/bin:/Users/chris/.rvm/bin:/usr/local/bin:/usr/local/sbin:/usr/bin:/bin:/usr/sbin:/sbin:/Applications/Postgres.app/Contents/Versions/9.4/bin
10 verbose lifecycle metanoia@1.0.0~test: CWD: /Users/chris/git/metanoia
11 silly lifecycle metanoia@1.0.0~test: Args: [ '-c',
11 silly lifecycle   'mocha -R \'spec\' --compilers js:babel-core/register --require mocha-clean ./test/test_helper.js \'./web/static/js/**/*_spec.@(js|jsx)\'' ]
12 silly lifecycle metanoia@1.0.0~test: Returned: code: 3  signal: null
13 info lifecycle metanoia@1.0.0~test: Failed to exec test script
14 verbose stack Error: metanoia@1.0.0 test: `mocha -R 'spec' --compilers js:babel-core/register --require mocha-clean ./test/test_helper.js './web/static/js/**/*_spec.@(js|jsx)'`
14 verbose stack Exit status 3
14 verbose stack     at EventEmitter.<anonymous> (/usr/local/lib/node_modules/npm/lib/utils/lifecycle.js:232:16)
14 verbose stack     at emitTwo (events.js:87:13)
14 verbose stack     at EventEmitter.emit (events.js:172:7)
14 verbose stack     at ChildProcess.<anonymous> (/usr/local/lib/node_modules/npm/lib/utils/spawn.js:24:14)
14 verbose stack     at emitTwo (events.js:87:13)
14 verbose stack     at ChildProcess.emit (events.js:172:7)
14 verbose stack     at maybeClose (internal/child_process.js:821:16)
14 verbose stack     at Process.ChildProcess._handle.onexit (internal/child_process.js:211:5)
15 verbose pkgid metanoia@1.0.0
16 verbose cwd /Users/chris/git/metanoia
17 error Darwin 14.5.0
18 error argv "/usr/local/Cellar/node/5.4.0/bin/node" "/usr/local/bin/npm" "run" "test"
19 error node v5.4.0
20 error npm  v3.3.12
21 error code ELIFECYCLE
22 error metanoia@1.0.0 test: `mocha -R 'spec' --compilers js:babel-core/register --require mocha-clean ./test/test_helper.js './web/static/js/**/*_spec.@(js|jsx)'`
22 error Exit status 3
23 error Failed at the metanoia@1.0.0 test script 'mocha -R 'spec' --compilers js:babel-core/register --require mocha-clean ./test/test_helper.js './web/static/js/**/*_spec.@(js|jsx)''.
23 error Make sure you have the latest version of node.js and npm installed.
23 error If you do, this is most likely a problem with the metanoia package,
23 error not with npm itself.
23 error Tell the author that this fails on your system:
23 error     mocha -R 'spec' --compilers js:babel-core/register --require mocha-clean ./test/test_helper.js './web/static/js/**/*_spec.@(js|jsx)'
23 error You can get their info via:
23 error     npm owner ls metanoia
23 error There is likely additional logging output above.
24 verbose exit [ 1, true ]
